  MiniginPCH.cpp
  imgui_impl_opengl2.cpp
  imgui_impl_sdl.cpp
  imgui.cpp
  imgui_demo.cpp
  imgui_draw.cpp
  imgui_tables.cpp
  imgui_widgets.cpp
  BaseComponent.cpp
  Commands.cpp
  Controller.cpp
  Destroyable.cpp
  ServiceLocator.cpp
  SoundEventQueue.cpp
  Font.cpp
  FPSDisplayScript.cpp
  GameObject.cpp
  HealthComponent.cpp
  InputManager.cpp
  Listener.cpp
  LoggerSoundSystem.cpp
  Main.cpp
  Minigin.cpp
  ScoreComponent.cpp
  SDLSoundSystem.cpp
  StaticObserver.cpp
  PlayerComponent.cpp
  PlayerUIComponent.cpp
  Compiling...
  Renderer.cpp
  ResourceManager.cpp
  Scene.cpp
  SceneManager.cpp
  Subject.cpp
  SubjectComponent.cpp
  TextComponent.cpp
  TextObject.cpp
  Texture2D.cpp
  TextureComponent.cpp
  Time.cpp
  Transform.cpp
  UIButtonsScript.cpp
     Creating library C:\Users\sande\OneDrive - Hogeschool West-Vlaanderen\Year 2\Semester2\Prog4\Minigin\Minigin\Win32\Release\Minigin.lib and object C:\Users\sande\OneDrive - Hogeschool West-Vlaanderen\Year 2\Semester2\Prog4\Minigin\Minigin\Win32\Release\Minigin.exp
  Generating code
  Previous IPDB not found, fall back to full compilation.
  All 2679 functions were compiled because no usable IPDB/IOBJ from previous compilation was found.
  Finished generating code
  Minigin.vcxproj -> C:\Users\sande\OneDrive - Hogeschool West-Vlaanderen\Year 2\Semester2\Prog4\Minigin\Minigin\Win32\Release\Minigin.exe
  C:\Users\sande\OneDrive - Hogeschool West-Vlaanderen\Year 2\Semester2\Prog4\Minigin\Minigin\3rdParty\SDL2\lib\x86\SDL2.dll
  1 File(s) copied
  File not found - x86*.dll
  0 File(s) copied
  File not found - x86*.dll
  0 File(s) copied
