  BaseComponent.cpp
  Commands.cpp
  Controller.cpp
  FPSDisplayScript.cpp
  GameObject.cpp
  HealthComponent.cpp
  InputManager.cpp
  ListenerComponent.cpp
  Main.cpp
  Minigin.cpp
  Observer.cpp
  PlayerComponent.cpp
  PlayerListenerComponent.cpp
  PlayerUIComponent.cpp
  Renderer.cpp
  Scene.cpp
  SceneManager.cpp
  ScoreboardComponent.cpp
  TextComponent.cpp
  TextureComponent.cpp
  Compiling...
  UIButtonsScript.cpp
     Creating library C:\Users\sande\OneDrive - Hogeschool West-Vlaanderen\Year 2\Semester2\Prog4\Minigin\Minigin\x64\Release\Minigin.lib and object C:\Users\sande\OneDrive - Hogeschool West-Vlaanderen\Year 2\Semester2\Prog4\Minigin\Minigin\x64\Release\Minigin.exp
  Generating code
  Compiler switch has changed, fall back to full compilation.
  All 2321 functions were compiled because no usable IPDB/IOBJ from previous compilation was found.
  Finished generating code
  Minigin.vcxproj -> C:\Users\sande\OneDrive - Hogeschool West-Vlaanderen\Year 2\Semester2\Prog4\Minigin\Minigin\x64\Release\Minigin.exe
  C:\Users\sande\OneDrive - Hogeschool West-Vlaanderen\Year 2\Semester2\Prog4\Minigin\Minigin\3rdParty\SDL2\lib\x64\SDL2.dll
  1 File(s) copied
  C:\Users\sande\OneDrive - Hogeschool West-Vlaanderen\Year 2\Semester2\Prog4\Minigin\Minigin\3rdParty\SDL2_image\lib\x64\libjpeg-9.dll
  C:\Users\sande\OneDrive - Hogeschool West-Vlaanderen\Year 2\Semester2\Prog4\Minigin\Minigin\3rdParty\SDL2_image\lib\x64\libpng16-16.dll
  C:\Users\sande\OneDrive - Hogeschool West-Vlaanderen\Year 2\Semester2\Prog4\Minigin\Minigin\3rdParty\SDL2_image\lib\x64\libtiff-5.dll
  C:\Users\sande\OneDrive - Hogeschool West-Vlaanderen\Year 2\Semester2\Prog4\Minigin\Minigin\3rdParty\SDL2_image\lib\x64\libwebp-7.dll
  C:\Users\sande\OneDrive - Hogeschool West-Vlaanderen\Year 2\Semester2\Prog4\Minigin\Minigin\3rdParty\SDL2_image\lib\x64\SDL2_image.dll
  C:\Users\sande\OneDrive - Hogeschool West-Vlaanderen\Year 2\Semester2\Prog4\Minigin\Minigin\3rdParty\SDL2_image\lib\x64\zlib1.dll
  6 File(s) copied
  C:\Users\sande\OneDrive - Hogeschool West-Vlaanderen\Year 2\Semester2\Prog4\Minigin\Minigin\3rdParty\SDL2_ttf\lib\x64\libfreetype-6.dll
  C:\Users\sande\OneDrive - Hogeschool West-Vlaanderen\Year 2\Semester2\Prog4\Minigin\Minigin\3rdParty\SDL2_ttf\lib\x64\SDL2_ttf.dll
  2 File(s) copied
